0 info it worked if it ends with ok
1 verbose cli [ '/usr/bin/node', '/usr/bin/npm', 'publish' ]
2 info using npm@1.4.23
3 info using node@v0.10.31
4 verbose node symlink /usr/bin/node
5 verbose publish [ '.' ]
6 verbose cache add [ '.', null ]
7 verbose cache add name=undefined spec="." args=[".",null]
8 verbose parsed url { protocol: null,
8 verbose parsed url   slashes: null,
8 verbose parsed url   auth: null,
8 verbose parsed url   host: null,
8 verbose parsed url   port: null,
8 verbose parsed url   hostname: null,
8 verbose parsed url   hash: null,
8 verbose parsed url   search: null,
8 verbose parsed url   query: null,
8 verbose parsed url   pathname: '.',
8 verbose parsed url   path: '.',
8 verbose parsed url   href: '.' }
9 silly lockFile 3a52ce78- .
10 verbose lock . /home/jacobo/.npm/3a52ce78-.lock
11 verbose tar pack [ '/home/jacobo/.npm/miniruler/0.0.1/package.tgz', '.' ]
12 verbose tarball /home/jacobo/.npm/miniruler/0.0.1/package.tgz
13 verbose folder .
14 info prepublish miniruler@0.0.1
15 silly lockFile 1f1177db-tar tar://.
16 verbose lock tar://. /home/jacobo/.npm/1f1177db-tar.lock
17 silly lockFile d8d9004b--npm-miniruler-0-0-1-package-tgz tar:///home/jacobo/.npm/miniruler/0.0.1/package.tgz
18 verbose lock tar:///home/jacobo/.npm/miniruler/0.0.1/package.tgz /home/jacobo/.npm/d8d9004b--npm-miniruler-0-0-1-package-tgz.lock
19 silly lockFile 1f1177db-tar tar://.
20 silly lockFile 1f1177db-tar tar://.
21 silly lockFile d8d9004b--npm-miniruler-0-0-1-package-tgz tar:///home/jacobo/.npm/miniruler/0.0.1/package.tgz
22 silly lockFile d8d9004b--npm-miniruler-0-0-1-package-tgz tar:///home/jacobo/.npm/miniruler/0.0.1/package.tgz
23 silly lockFile e3b2ca9f-cobo-npm-miniruler-0-0-1-package /home/jacobo/.npm/miniruler/0.0.1/package
24 verbose lock /home/jacobo/.npm/miniruler/0.0.1/package /home/jacobo/.npm/e3b2ca9f-cobo-npm-miniruler-0-0-1-package.lock
25 silly lockFile e3b2ca9f-cobo-npm-miniruler-0-0-1-package /home/jacobo/.npm/miniruler/0.0.1/package
26 silly lockFile e3b2ca9f-cobo-npm-miniruler-0-0-1-package /home/jacobo/.npm/miniruler/0.0.1/package
27 silly lockFile 3a52ce78- .
28 silly lockFile 3a52ce78- .
29 silly publish { name: 'miniruler',
29 silly publish   version: '0.0.1',
29 silly publish   description: 'Manage roles in contexts',
29 silly publish   main: 'index.js',
29 silly publish   scripts:
29 silly publish    { test: 'node ./node_modules/mocha/bin/mocha',
29 silly publish      'build-docs': 'node ./docs/createdocs.js && cat ./docs/readme.md ./docs/api.md ./docs/footer.md > ./README.md' },
29 silly publish   private: true,
29 silly publish   repository: { type: 'git', url: 'git@github.com:jacoborus/miniruler.git' },
29 silly publish   keywords: [ 'roles', 'permissions' ],
29 silly publish   testling:
29 silly publish    { harness: 'mocha-bdd',
29 silly publish      files: 'test/index.js',
29 silly publish      html: 'test.html',
29 silly publish      browsers: [ 'chrome/latest', 'firefox/latest' ] },
29 silly publish   author: { name: 'Jacobo Tabernero', email: 'jacobo@xarope.eu' },
29 silly publish   license: 'MIT',
29 silly publish   bugs: { url: 'https://github.com/jacoborus/miniruler/issues' },
29 silly publish   homepage: 'https://github.com/jacoborus/miniruler',
29 silly publish   devDependencies: { chai: '^1.9.1', mocha: '^1.21.4', updox: '0.0.5' },
29 silly publish   readme: 'miniruler\n=========\n\n[![browser support](https://ci.testling.com/jacoborus/miniruler.png)\n](https://ci.testling.com/jacoborus/miniruler)\n\n\n[![Build Status](https://travis-ci.org/jacoborus/miniruler.svg?branch=master)](https://travis-ci.org/jacoborus/miniruler)\n\nManage roles in contexts asynchronously.\n\n\nExample\n-------\n\n```js\nvar Ruler = require( \'miniruler\' ),\n    ruler = new Ruler();\n\n/* - basic roles - */\n\nruler.setActions({\n    manageSettings: {\n        roles: [\'admin\']\n    },\n    post: {\n        roles: [\'author\', \'user\']\n    }\n});\n\nruler.can( \'admin\', \'manageSettings\' );  // => true\nruler.can( \'author\', \'manageSettings\' );  // => false\n\n\n/* - work with levels - */\n\nruler.setLevels({\n    \'admin\': 5, // role name and level\n    \'author\': 4,\n    \'user\': 3,\n    \'member\': 1\n});\n\nruler.setActions({ comment: {\n    level: 2\n}});\n\nruler.can( 1, \'comment\' );  // => false\nruler.can( \'user\', \'comment\' );  // => true\n\n\n/* - Contexts - */\n\nruler.addContext(\'wiki\');\n\nruler.wiki.setLevels({\n    // ...\n});\n\n// ...\n```\nindex API\n============\n\n\n- [Context](#Context)\n- [setLevels](#setLevels)\n- [removeLevels](#removeLevels)\n- [setActions](#setActions)\n- [allow](#allow)\n- [revoke](#revoke)\n- [addContext](#addContext)\n- [removeContext](#removeContext)\n- [can](#can)\n\n<a name="Context"></a>\nContext( ctx )\n------------------------------------------------------------\n\nContext constructor\n**Parameters:**\n- **ctx** *Object*: [description]\n\n\n\n<a name="setLevels"></a>\nsetLevels( levels, callback )\n------------------------------------------------------------\n\nAdd or update levels to a context\n**Parameters:**\n- **levels** *Object*: Roles names and its levels\n- **callback** *Function*: Signature: error\n\n\n\n<a name="removeLevels"></a>\nremoveLevels( roles, callback )\n------------------------------------------------------------\n\nRemove one or multiple roles from context\n**Parameters:**\n- **roles** *String|Array*: role or list of roles to delete\n- **callback** *Function*: Signature: error\n\n\n\n<a name="setActions"></a>\nsetActions( actions, callback )\n------------------------------------------------------------\n\nAdd or update actions in context\n**Parameters:**\n- **actions** *Object*: action rules\n- **callback** *Function*: Signature: error\n\n\n\n<a name="allow"></a>\nallow( role, action, callback )\n------------------------------------------------------------\n\nGrant permission to a user over an action\n**Parameters:**\n- **role** *String|Array|Number*: role , list of roles or level\n- **action** *String*: action keyname\n- **callback** *Function*: Signature: error\n\n\n\n<a name="revoke"></a>\nrevoke( role, action, callback )\n------------------------------------------------------------\n\nRevoke permission to a user over an action\n**Parameters:**\n- **role** *String*: role name\n- **action** *String*: action name\n- **callback** *Function*: Signature: error\n\n\n\n<a name="addContext"></a>\naddContext( name, ctx )\n------------------------------------------------------------\n\nAdd a child context\n**Parameters:**\n- **name** *String*: keyname for context\n- **ctx** *Object*: context properties\n\n\n\n<a name="removeContext"></a>\nremoveContext( name )\n------------------------------------------------------------\n\nremove context from parent context\n**Parameters:**\n- **name** *String*: name of the context\n\n\n\n<a name="can"></a>\ncan( user, action )\n------------------------------------------------------------\n\nCheck if user can do an action in context\n**Parameters:**\n- **user** *String|Number*: user role or user level\n- **action** *String*: action to perform\n- **Return** *Boolean*: permission\n\n\n\n\n\n\nNode.js tests\n-------------\n\n```sh\nnpm test\n```\n\nBrowser tests\n-------------\n\nRun test/test.html in your browser\n\n\n<br><br>\n\n---\n\n© 2014 [jacoborus](https://github.com/jacoborus) - Released under [MIT License](https://raw.github.com/jacoborus/miniruler/master/LICENSE)\n',
29 silly publish   readmeFilename: 'README.md',
29 silly publish   gitHead: '7cdf8eaac3a5d7e114a7d58dd3150e3b483b5632',
29 silly publish   _id: 'miniruler@0.0.1',
29 silly publish   _shasum: '61befa522800f307b0d861a438c70cf8490fa22a',
29 silly publish   _from: '.' }
30 error Error: This package has been marked as private
30 error Remove the 'private' field from the package.json to publish it.
30 error     at publish_ (/usr/lib/node_modules/npm/lib/publish.js:91:31)
30 error     at Array.1 (/usr/lib/node_modules/npm/node_modules/slide/lib/bind-actor.js:15:8)
30 error     at LOOP (/usr/lib/node_modules/npm/node_modules/slide/lib/chain.js:15:14)
30 error     at LOOP (/usr/lib/node_modules/npm/node_modules/slide/lib/chain.js:14:28)
30 error     at chain (/usr/lib/node_modules/npm/node_modules/slide/lib/chain.js:20:5)
30 error     at /usr/lib/node_modules/npm/lib/publish.js:57:5
30 error     at /usr/lib/node_modules/npm/node_modules/inflight/inflight.js:22:7
30 error     at Array.forEach (native)
30 error     at res (/usr/lib/node_modules/npm/node_modules/inflight/inflight.js:21:9)
30 error     at f (/usr/lib/node_modules/npm/node_modules/once/once.js:16:25)
31 error If you need help, you may report this *entire* log,
31 error including the npm and node versions, at:
31 error     <http://github.com/npm/npm/issues>
32 error System Linux 3.13.0-34-generic
33 error command "/usr/bin/node" "/usr/bin/npm" "publish"
34 error cwd /home/jacobo/dev/miniruler
35 error node -v v0.10.31
36 error npm -v 1.4.23
37 verbose exit [ 1, true ]
